<?xml version="1.0" encoding="utf-8"?><testsuites name="pytest tests"><testsuite name="pytest" errors="0" failures="0" skipped="0" tests="129" time="175.116" timestamp="2026-07-15T18:39:45.374016+02:00" hostname="WS-Tobias"><testcase classname="tests.test_api_catalog" name="test_catalog_is_public_and_supports_combined_filters" time="1.313" /><testcase classname="tests.test_api_catalog" name="test_private_exercises_never_appear_in_catalog" time="1.186" /><testcase classname="tests.test_api_catalog" name="test_public_api_hides_draft_deprecated_and_unreviewed_entries" time="1.405" /><testcase classname="tests.test_api_catalog" name="test_catalog_search_pagination_snapshot_and_etag" time="1.616" /><testcase classname="tests.test_api_catalog" name="test_catalog_search_treats_sql_wildcards_as_literals" time="1.635" /><testcase classname="tests.test_api_catalog" name="test_snapshot_never_truncates_a_published_release[0]" time="1.761" /><testcase classname="tests.test_api_catalog" name="test_snapshot_never_truncates_a_published_release[3]" time="1.743" /><testcase classname="tests.test_api_catalog" name="test_snapshot_never_truncates_a_published_release[100]" time="1.426" /><testcase classname="tests.test_api_catalog" name="test_snapshot_never_truncates_a_published_release[101]" time="1.393" /><testcase classname="tests.test_api_catalog" name="test_snapshot_never_truncates_a_published_release[501]" time="1.894" /><testcase classname="tests.test_api_errors" name="test_request_id_is_bounded_and_unsafe_value_is_not_reflected" time="1.250" /><testcase classname="tests.test_api_errors" name="test_unexpected_error_uses_safe_envelope_and_request_id" time="1.408" /><testcase classname="tests.test_api_exercises" name="test_exercise_crud_and_validation" time="1.616" /><testcase classname="tests.test_api_exercises" name="test_repeated_idempotency_key_does_not_duplicate_exercise" time="1.475" /><testcase classname="tests.test_api_guest_profile" name="test_guest_profile_is_created_and_read" time="1.257" /><testcase classname="tests.test_api_guest_profile" name="test_guest_recovery_rotates_token_without_idempotency_credential_storage" time="1.116" /><testcase classname="tests.test_api_guest_profile" name="test_guest_recovery_rejects_wrong_proof" time="1.121" /><testcase classname="tests.test_api_guest_profile" name="test_guest_openapi_documents_create_recovery_and_concurrency" time="1.731" /><testcase classname="tests.test_api_guest_profile" name="test_parallel_guest_create_and_recovery_are_serialized_on_sqlite" time="1.427" /><testcase classname="tests.test_api_guest_profile" name="test_parallel_guest_recovery_is_serialized_on_sqlite" time="1.304" /><testcase classname="tests.test_api_guest_profile" name="test_parallel_guest_create_is_serialized_on_postgresql" time="0.629" /><testcase classname="tests.test_api_guest_profile" name="test_parallel_guest_recovery_is_serialized_on_postgresql" time="0.826" /><testcase classname="tests.test_api_sync" name="test_push_sync_persists_exercise_and_is_idempotent" time="1.199" /><testcase classname="tests.test_api_sync" name="test_exercise_pull_returns_tombstone_and_conflict" time="1.454" /><testcase classname="tests.test_api_sync" name="test_malformed_sync_operations_return_422[operation0]" time="1.304" /><testcase classname="tests.test_api_sync" name="test_malformed_sync_operations_return_422[operation1]" time="1.589" /><testcase classname="tests.test_api_sync" name="test_malformed_sync_operations_return_422[operation2]" time="1.531" /><testcase classname="tests.test_api_sync" name="test_malformed_sync_operations_return_422[operation3]" time="1.765" /><testcase classname="tests.test_api_sync" name="test_malformed_sync_operations_return_422[operation4]" time="1.529" /><testcase classname="tests.test_api_sync" name="test_cross_user_workout_reference_is_rejected_on_sqlite" time="1.486" /><testcase classname="tests.test_api_sync" name="test_cross_user_workout_reference_is_rejected_on_postgresql" time="0.827" /><testcase classname="tests.test_api_sync" name="test_operation_id_replays_and_rejects_changed_payload" time="1.736" /><testcase classname="tests.test_api_sync" name="test_parallel_operation_id_replays_on_postgresql" time="2.292" /><testcase classname="tests.test_api_sync" name="test_workout_sync_uses_lifecycle_commands" time="1.571" /><testcase classname="tests.test_api_sync" name="test_sync_operation_hash_binds_action_on_sqlite" time="1.424" /><testcase classname="tests.test_api_sync" name="test_sync_operation_hash_binds_action_on_postgresql" time="0.956" /><testcase classname="tests.test_api_sync" name="test_sync_operation_hash_binds_entity_and_contract_semantics" time="0.001" /><testcase classname="tests.test_api_sync" name="test_expired_operation_can_be_reused_on_sqlite" time="1.467" /><testcase classname="tests.test_api_sync" name="test_expired_operation_parallel_reuse_on_postgresql" time="1.177" /><testcase classname="tests.test_api_workouts" name="test_workout_create_start_complete_emits_event_once" time="1.357" /><testcase classname="tests.test_api_workouts" name="test_workout_links_update_safely_on_sqlite" time="3.596" /><testcase classname="tests.test_api_workouts" name="test_workout_links_update_safely_on_postgresql" time="1.020" /><testcase classname="tests.test_api_workouts" name="test_workout_completion_requires_start_and_is_terminal" time="1.314" /><testcase classname="tests.test_api_workouts" name="test_cancelled_workout_is_terminal_on_sqlite" time="1.478" /><testcase classname="tests.test_api_workouts" name="test_cancelled_workout_is_terminal_on_postgresql" time="1.009" /><testcase classname="tests.test_catalog_import" name="test_identical_reimport_is_a_true_noop" time="1.122" /><testcase classname="tests.test_catalog_import" name="test_snapshot_hash_is_semantic_and_matches_exact_api_shape" time="1.040" /><testcase classname="tests.test_catalog_import" name="test_demo_api_snapshot_matches_cross_platform_contract" time="0.838" /><testcase classname="tests.test_catalog_import" name="test_semantic_hash_changes_when_content_changes" time="0.002" /><testcase classname="tests.test_catalog_import" name="test_same_version_with_different_hash_is_rejected_and_active_unchanged" time="1.013" /><testcase classname="tests.test_catalog_import" name="test_invalid_release_is_rejected_before_any_write[&lt;lambda&gt;-Duplicate]" time="0.920" /><testcase classname="tests.test_catalog_import" name="test_invalid_release_is_rejected_before_any_write[&lt;lambda&gt;-source]" time="1.051" /><testcase classname="tests.test_catalog_import" name="test_invalid_release_is_rejected_before_any_write[&lt;lambda&gt;-license]" time="1.026" /><testcase classname="tests.test_catalog_import" name="test_invalid_release_is_rejected_before_any_write[&lt;lambda&gt;-duplicate muscle]" time="1.041" /><testcase classname="tests.test_catalog_import" name="test_invalid_release_is_rejected_before_any_write[&lt;lambda&gt;-non-unique|duplicate equipment]" time="1.103" /><testcase classname="tests.test_catalog_import" name="test_invalid_release_is_rejected_before_any_write[&lt;lambda&gt;-Unknown muscle]" time="0.910" /><testcase classname="tests.test_catalog_import" name="test_invalid_release_is_rejected_before_any_write[&lt;lambda&gt;-Unknown equipment]" time="1.086" /><testcase classname="tests.test_catalog_import" name="test_invalid_release_is_rejected_before_any_write[&lt;lambda&gt;-review]" time="0.994" /><testcase classname="tests.test_catalog_import" name="test_invalid_release_is_rejected_before_any_write[&lt;lambda&gt;-not approved]" time="1.030" /><testcase classname="tests.test_catalog_import" name="test_invalid_release_is_rejected_before_any_write[&lt;lambda&gt;-https]" time="1.132" /><testcase classname="tests.test_catalog_import" name="test_unsafe_release_identity_is_rejected[catalog_version-bad\nversion]" time="0.968" /><testcase classname="tests.test_catalog_import" name="test_unsafe_release_identity_is_rejected[batch_id-bad\u202ebatch]" time="0.968" /><testcase classname="tests.test_catalog_import" name="test_unsafe_exercise_text_is_rejected_on_sqlite[bad\x00name]" time="1.183" /><testcase classname="tests.test_catalog_import" name="test_unsafe_exercise_text_is_rejected_on_sqlite[bad\u202ename]" time="1.074" /><testcase classname="tests.test_catalog_import" name="test_unsafe_exercise_text_is_rejected_on_sqlite[bad\nname]" time="1.009" /><testcase classname="tests.test_catalog_import" name="test_non_absolute_or_credentialed_https_url_is_rejected[https:foo-True]" time="1.185" /><testcase classname="tests.test_catalog_import" name="test_non_absolute_or_credentialed_https_url_is_rejected[https:/foo-True]" time="0.970" /><testcase classname="tests.test_catalog_import" name="test_non_absolute_or_credentialed_https_url_is_rejected[https://-True]" time="1.191" /><testcase classname="tests.test_catalog_import" name="test_non_absolute_or_credentialed_https_url_is_rejected[https://user:pass@example.com/-True]" time="1.552" /><testcase classname="tests.test_catalog_import" name="test_non_absolute_or_credentialed_https_url_is_rejected[https://example.com:invalid/-True]" time="1.038" /><testcase classname="tests.test_catalog_import" name="test_non_absolute_or_credentialed_https_url_is_rejected[https://example.com:invalid/-False]" time="1.076" /><testcase classname="tests.test_catalog_import" name="test_non_absolute_or_credentialed_https_url_is_rejected[https://exa mple.com/-True]" time="0.961" /><testcase classname="tests.test_catalog_import" name="test_unsafe_catalog_input_is_rejected_on_postgresql[name-bad\x00name]" time="0.438" /><testcase classname="tests.test_catalog_import" name="test_unsafe_catalog_input_is_rejected_on_postgresql[name-bad\u202ename]" time="0.477" /><testcase classname="tests.test_catalog_import" name="test_unsafe_catalog_input_is_rejected_on_postgresql[license_url-https:foo]" time="0.449" /><testcase classname="tests.test_catalog_import" name="test_unsafe_catalog_input_is_rejected_on_postgresql[license_url-https://user:pass@example.com/]" time="0.536" /><testcase classname="tests.test_catalog_import" name="test_full_release_removes_missing_exercises_but_keeps_history" time="1.190" /><testcase classname="tests.test_catalog_import" name="test_older_import_is_staged_without_rolling_back_active_release" time="1.141" /><testcase classname="tests.test_catalog_import" name="test_explicit_rollback_atomically_reactivates_historical_release" time="1.326" /><testcase classname="tests.test_catalog_import" name="test_duplicate_batch_identity_and_unknown_activation_leave_active_unchanged" time="2.113" /><testcase classname="tests.test_catalog_import" name="test_parallel_postgres_imports_leave_one_complete_active_release" time="1.101" /><testcase classname="tests.test_catalog_import" name="test_parallel_postgres_activations_keep_exactly_one_release_active" time="1.126" /><testcase classname="tests.test_domain_events" name="test_event_dispatcher_processes_event_id_once" time="0.004" /><testcase classname="tests.test_idempotency_service" name="test_no_key_executes_without_reservation" time="0.003" /><testcase classname="tests.test_idempotency_service" name="test_completed_replays_and_failed_conflicts" time="0.003" /><testcase classname="tests.test_idempotency_service" name="test_operation_failure_rolls_back" time="0.003" /><testcase classname="tests.test_maintenance" name="test_default_worker_id_is_safe_and_unique" time="0.002" /><testcase classname="tests.test_maintenance" name="test_idempotency_cleanup_prints_machine_readable_report" time="0.004" /><testcase classname="tests.test_maintenance" name="test_outbox_process_prints_machine_readable_report" time="0.003" /><testcase classname="tests.test_maintenance" name="test_main_parses_cleanup_limit" time="0.004" /><testcase classname="tests.test_migrations" name="test_migrations_apply_to_empty_database" time="3.010" /><testcase classname="tests.test_migrations" name="test_idempotency_migration_purges_ambiguous_legacy_keys[raw-client-key]" time="4.189" /><testcase classname="tests.test_migrations" name="test_idempotency_migration_purges_ambiguous_legacy_keys[aaaaaaaaaaaaaaaaaaaaaaaaaaaaaaaaaaaaaaaaaaaaaaaaaaaaaaaaaaaaaaaa]" time="3.934" /><testcase classname="tests.test_migrations" name="test_catalog_release_migration_preserves_active_data_on_sqlite" time="6.808" /><testcase classname="tests.test_migrations" name="test_catalog_release_migration_preserves_active_data_on_postgresql" time="7.148" /><testcase classname="tests.test_migrations" name="test_catalog_release_migration_handles_no_activation" time="5.556" /><testcase classname="tests.test_migrations" name="test_catalog_release_migration_preserves_empty_active_release" time="6.960" /><testcase classname="tests.test_module_catalog" name="test_module_catalog_is_acyclic_and_unique" time="0.002" /><testcase classname="tests.test_outbox_processor" name="test_post_commit_handler_failures_do_not_change_http_success" time="1.797" /><testcase classname="tests.test_outbox_processor" name="test_outbox_retries_then_processes_once" time="1.323" /><testcase classname="tests.test_outbox_processor" name="test_outbox_dead_letters_permanent_failure" time="1.416" /><testcase classname="tests.test_outbox_processor" name="test_unknown_event_dead_letters_and_stale_lease_is_reclaimed" time="1.157" /><testcase classname="tests.test_outbox_processor" name="test_outbox_batch_limit_is_enforced" time="1.315" /><testcase classname="tests.test_outbox_processor" name="test_parallel_workers_claim_exclusively_on_postgresql" time="0.947" /><testcase classname="tests.test_outbox_processor" name="test_heartbeat_prevents_active_reclaim_on_sqlite" time="1.410" /><testcase classname="tests.test_outbox_processor" name="test_heartbeat_prevents_active_reclaim_on_postgresql" time="0.880" /><testcase classname="tests.test_outbox_processor" name="test_stale_claim_token_cannot_complete_or_increment_attempts" time="1.156" /><testcase classname="tests.test_outbox_processor" name="test_processor_reports_lost_claim_without_failure_mutation" time="1.192" /><testcase classname="tests.test_outbox_processor" name="test_known_event_without_handler_requires_explicit_noop" time="1.188" /><testcase classname="tests.test_outbox_processor" name="test_cancelled_handler_stops_heartbeat_and_stale_lease_reclaims" time="1.411" /><testcase classname="tests.test_outbox_processor" name="test_worker_id_rejects_control_characters" time="0.953" /><testcase classname="tests.test_provider_contracts" name="test_mock_provider_contracts_are_deterministic" time="0.003" /><testcase classname="tests.test_security_idempotency" name="test_parallel_exercise_key_commits_one_operation" time="2.109" /><testcase classname="tests.test_security_idempotency" name="test_expired_key_is_reusable_and_old_response_is_not_replayed" time="1.331" /><testcase classname="tests.test_security_idempotency" name="test_cross_user_client_uuid_returns_controlled_conflict" time="1.117" /><testcase classname="tests.test_security_idempotency" name="test_idempotency_key_validation_is_bounded" time="1.113" /><testcase classname="tests.test_security_idempotency" name="test_idempotency_key_rejects_changed_payload" time="1.080" /><testcase classname="tests.test_security_idempotency" name="test_failed_idempotency_record_returns_controlled_conflict" time="1.190" /><testcase classname="tests.test_security_idempotency" name="test_idempotency_key_is_hashed_at_rest" time="1.101" /><testcase classname="tests.test_security_idempotency" name="test_completion_failure_rolls_back_domain_mutation" time="1.072" /><testcase classname="tests.test_security_idempotency" name="test_cleanup_expired_is_bounded" time="1.078" /><testcase classname="tests.test_security_idempotency" name="test_parallel_exercise_key_is_atomic_on_postgresql" time="1.183" /><testcase classname="tests.test_source_archive" name="test_source_archive_reads_bytes_and_modes_only_from_commit" time="0.525" /><testcase classname="tests.test_text_validation" name="test_single_line_fields_reject_unsafe_text[bad\x00name]" time="0.816" /><testcase classname="tests.test_text_validation" name="test_single_line_fields_reject_unsafe_text[bad\u202ename]" time="0.766" /><testcase classname="tests.test_text_validation" name="test_single_line_fields_reject_unsafe_text[bad\nname]" time="1.048" /><testcase classname="tests.test_text_validation" name="test_single_line_fields_reject_unsafe_text[   ]" time="1.251" /><testcase classname="tests.test_text_validation" name="test_multiline_policy_matches_on_sqlite" time="1.660" /><testcase classname="tests.test_text_validation" name="test_multiline_policy_matches_on_postgresql" time="1.045" /></testsuite></testsuites>